2020-02-10 15:45:06 INFO     Model: HAKE
2020-02-10 15:45:06 INFO     Data Path: data/FB15k-237
2020-02-10 15:45:06 INFO     Num Entity: 14541
2020-02-10 15:45:06 INFO     Num Relation: 237
2020-02-10 15:45:06 INFO     Num Train: 272115
2020-02-10 15:45:06 INFO     Num Valid: 17535
2020-02-10 15:45:06 INFO     Num Test: 20466
2020-02-10 15:45:06 INFO     Model Parameter Configuration:
2020-02-10 15:45:06 INFO     Parameter gamma: torch.Size([1]), require_grad = False
2020-02-10 15:45:06 INFO     Parameter embedding_range: torch.Size([1]), require_grad = False
2020-02-10 15:45:06 INFO     Parameter entity_embedding: torch.Size([14541, 2000]), require_grad = True
2020-02-10 15:45:06 INFO     Parameter relation_embedding: torch.Size([237, 3000]), require_grad = True
2020-02-10 15:45:06 INFO     Parameter phase_weight: torch.Size([1, 1]), require_grad = True
2020-02-10 15:45:06 INFO     Parameter modulus_weight: torch.Size([1, 1]), require_grad = True
2020-02-10 15:50:06 INFO     Randomly Initializing HAKE Model...
2020-02-10 15:50:06 INFO     Start Training...
2020-02-10 15:50:06 INFO     init_step = 0
2020-02-10 15:50:06 INFO     batch_size = 1024
2020-02-10 15:50:06 INFO     hidden_dim = 1000
2020-02-10 15:50:06 INFO     gamma = 9.000000
2020-02-10 15:50:06 INFO     adversarial_temperature = 1.000000
2020-02-10 15:50:33 INFO     Training average positive_sample_loss at step 0: 0.309420
2020-02-10 15:50:33 INFO     Training average negative_sample_loss at step 0: 1.325564
2020-02-10 15:50:33 INFO     Training average loss at step 0: 0.817492
2020-02-10 15:50:33 INFO     Evaluating on Valid Dataset...
2020-02-10 15:50:42 INFO     Evaluating the model... (0/2192)
2020-02-10 18:25:22 INFO     Evaluating the model... (1000/2192)
2020-02-10 20:34:40 INFO     Evaluating the model... (2000/2192)
2020-02-10 20:59:03 INFO     Valid MRR at step 0: 0.005770
2020-02-10 20:59:03 INFO     Valid MR at step 0: 7088.292729
2020-02-10 20:59:03 INFO     Valid HITS@1 at step 0: 0.005133
2020-02-10 20:59:03 INFO     Valid HITS@3 at step 0: 0.005247
2020-02-10 20:59:03 INFO     Valid HITS@10 at step 0: 0.005817
2020-02-10 21:29:36 INFO     Training average positive_sample_loss at step 100: 0.621354
2020-02-10 21:29:36 INFO     Training average negative_sample_loss at step 100: 0.761983
2020-02-10 21:29:36 INFO     Training average loss at step 100: 0.691668
2020-02-10 22:04:36 INFO     Training average positive_sample_loss at step 200: 0.655594
2020-02-10 22:04:36 INFO     Training average negative_sample_loss at step 200: 0.646633
2020-02-10 22:04:36 INFO     Training average loss at step 200: 0.651114
2020-02-10 22:36:58 INFO     Training average positive_sample_loss at step 300: 0.634633
2020-02-10 22:36:58 INFO     Training average negative_sample_loss at step 300: 0.618763
2020-02-10 22:36:58 INFO     Training average loss at step 300: 0.626698
2020-02-10 23:10:37 INFO     Training average positive_sample_loss at step 400: 0.612697
2020-02-10 23:10:37 INFO     Training average negative_sample_loss at step 400: 0.588199
2020-02-10 23:10:37 INFO     Training average loss at step 400: 0.600448
2020-02-10 23:46:31 INFO     Training average positive_sample_loss at step 500: 0.588055
2020-02-10 23:46:31 INFO     Training average negative_sample_loss at step 500: 0.557349
2020-02-10 23:46:31 INFO     Training average loss at step 500: 0.572702
2020-02-11 00:19:51 INFO     Training average positive_sample_loss at step 600: 0.533563
2020-02-11 00:19:51 INFO     Training average negative_sample_loss at step 600: 0.490803
2020-02-11 00:19:51 INFO     Training average loss at step 600: 0.512183
2020-02-11 00:51:39 INFO     Training average positive_sample_loss at step 700: 0.507696
2020-02-11 00:51:39 INFO     Training average negative_sample_loss at step 700: 0.451538
2020-02-11 00:51:39 INFO     Training average loss at step 700: 0.479617
2020-02-11 01:23:35 INFO     Training average positive_sample_loss at step 800: 0.494791
2020-02-11 01:23:35 INFO     Training average negative_sample_loss at step 800: 0.434531
2020-02-11 01:23:35 INFO     Training average loss at step 800: 0.464661
2020-02-11 01:54:32 INFO     Training average positive_sample_loss at step 900: 0.479048
2020-02-11 01:54:32 INFO     Training average negative_sample_loss at step 900: 0.414975
2020-02-11 01:54:32 INFO     Training average loss at step 900: 0.447011
2020-02-11 02:26:07 INFO     Training average positive_sample_loss at step 1000: 0.463955
2020-02-11 02:26:07 INFO     Training average negative_sample_loss at step 1000: 0.397247
2020-02-11 02:26:07 INFO     Training average loss at step 1000: 0.430601
2020-02-11 02:57:42 INFO     Training average positive_sample_loss at step 1100: 0.433545
2020-02-11 02:57:42 INFO     Training average negative_sample_loss at step 1100: 0.365839
2020-02-11 02:57:42 INFO     Training average loss at step 1100: 0.399692
2020-02-11 03:29:30 INFO     Training average positive_sample_loss at step 1200: 0.403164
2020-02-11 03:29:30 INFO     Training average negative_sample_loss at step 1200: 0.331675
2020-02-11 03:29:30 INFO     Training average loss at step 1200: 0.367419
2020-02-11 04:01:08 INFO     Training average positive_sample_loss at step 1300: 0.395037
2020-02-11 04:01:08 INFO     Training average negative_sample_loss at step 1300: 0.322761
2020-02-11 04:01:08 INFO     Training average loss at step 1300: 0.358899
2020-02-11 04:32:52 INFO     Training average positive_sample_loss at step 1400: 0.383640
2020-02-11 04:32:52 INFO     Training average negative_sample_loss at step 1400: 0.312340
2020-02-11 04:32:52 INFO     Training average loss at step 1400: 0.347990
2020-02-11 05:04:10 INFO     Training average positive_sample_loss at step 1500: 0.372381
2020-02-11 05:04:10 INFO     Training average negative_sample_loss at step 1500: 0.302111
2020-02-11 05:04:10 INFO     Training average loss at step 1500: 0.337246
2020-02-11 05:35:39 INFO     Training average positive_sample_loss at step 1600: 0.357318
2020-02-11 05:35:39 INFO     Training average negative_sample_loss at step 1600: 0.291483
2020-02-11 05:35:39 INFO     Training average loss at step 1600: 0.324400
2020-02-11 06:07:21 INFO     Training average positive_sample_loss at step 1700: 0.326126
2020-02-11 06:07:21 INFO     Training average negative_sample_loss at step 1700: 0.259565
2020-02-11 06:07:21 INFO     Training average loss at step 1700: 0.292845
2020-02-11 06:39:13 INFO     Training average positive_sample_loss at step 1800: 0.321479
2020-02-11 06:39:13 INFO     Training average negative_sample_loss at step 1800: 0.257865
2020-02-11 06:39:13 INFO     Training average loss at step 1800: 0.289672
2020-02-11 07:10:16 INFO     Training average positive_sample_loss at step 1900: 0.315192
2020-02-11 07:10:16 INFO     Training average negative_sample_loss at step 1900: 0.254491
2020-02-11 07:10:16 INFO     Training average loss at step 1900: 0.284842
2020-02-11 07:41:45 INFO     Training average positive_sample_loss at step 2000: 0.308546
2020-02-11 07:41:45 INFO     Training average negative_sample_loss at step 2000: 0.250198
2020-02-11 07:41:45 INFO     Training average loss at step 2000: 0.279372
2020-02-11 08:13:22 INFO     Training average positive_sample_loss at step 2100: 0.302070
2020-02-11 08:13:22 INFO     Training average negative_sample_loss at step 2100: 0.246847
2020-02-11 08:13:22 INFO     Training average loss at step 2100: 0.274458
2020-02-11 08:44:53 INFO     Training average positive_sample_loss at step 2200: 0.279883
2020-02-11 08:44:53 INFO     Training average negative_sample_loss at step 2200: 0.229795
2020-02-11 08:44:53 INFO     Training average loss at step 2200: 0.254839
2020-02-11 09:16:44 INFO     Training average positive_sample_loss at step 2300: 0.274471
2020-02-11 09:16:44 INFO     Training average negative_sample_loss at step 2300: 0.225403
2020-02-11 09:16:44 INFO     Training average loss at step 2300: 0.249937
2020-02-11 09:48:11 INFO     Training average positive_sample_loss at step 2400: 0.273176
2020-02-11 09:48:11 INFO     Training average negative_sample_loss at step 2400: 0.226697
2020-02-11 09:48:11 INFO     Training average loss at step 2400: 0.249937
2020-02-11 10:23:12 INFO     Training average positive_sample_loss at step 2500: 0.268825
2020-02-11 10:23:12 INFO     Training average negative_sample_loss at step 2500: 0.224766
2020-02-11 10:23:12 INFO     Training average loss at step 2500: 0.246795
2020-02-11 10:57:06 INFO     Training average positive_sample_loss at step 2600: 0.266381
2020-02-11 10:57:06 INFO     Training average negative_sample_loss at step 2600: 0.224573
2020-02-11 10:57:06 INFO     Training average loss at step 2600: 0.245477
2020-02-11 11:29:20 INFO     Training average positive_sample_loss at step 2700: 0.254778
2020-02-11 11:29:20 INFO     Training average negative_sample_loss at step 2700: 0.216616
2020-02-11 11:29:20 INFO     Training average loss at step 2700: 0.235697
2020-02-11 12:02:43 INFO     Training average positive_sample_loss at step 2800: 0.247248
2020-02-11 12:02:43 INFO     Training average negative_sample_loss at step 2800: 0.209210
2020-02-11 12:02:43 INFO     Training average loss at step 2800: 0.228229
2020-02-11 12:35:07 INFO     Training average positive_sample_loss at step 2900: 0.248107
2020-02-11 12:35:07 INFO     Training average negative_sample_loss at step 2900: 0.212207
2020-02-11 12:35:07 INFO     Training average loss at step 2900: 0.230157
2020-02-11 13:06:04 INFO     Training average positive_sample_loss at step 3000: 0.246797
2020-02-11 13:06:04 INFO     Training average negative_sample_loss at step 3000: 0.212583
2020-02-11 13:06:04 INFO     Training average loss at step 3000: 0.229690
2020-02-11 13:38:26 INFO     Training average positive_sample_loss at step 3100: 0.245861
2020-02-11 13:38:26 INFO     Training average negative_sample_loss at step 3100: 0.212550
2020-02-11 13:38:26 INFO     Training average loss at step 3100: 0.229206
2020-02-11 14:11:29 INFO     Training average positive_sample_loss at step 3200: 0.242077
2020-02-11 14:11:29 INFO     Training average negative_sample_loss at step 3200: 0.212423
2020-02-11 14:11:29 INFO     Training average loss at step 3200: 0.227250
2020-02-11 14:42:59 INFO     Training average positive_sample_loss at step 3300: 0.231397
2020-02-11 14:42:59 INFO     Training average negative_sample_loss at step 3300: 0.200227
2020-02-11 14:42:59 INFO     Training average loss at step 3300: 0.215812
2020-02-11 15:13:31 INFO     Training average positive_sample_loss at step 3400: 0.233486
2020-02-11 15:13:31 INFO     Training average negative_sample_loss at step 3400: 0.204203
2020-02-11 15:13:31 INFO     Training average loss at step 3400: 0.218844
2020-02-11 15:44:34 INFO     Training average positive_sample_loss at step 3500: 0.233693
2020-02-11 15:44:34 INFO     Training average negative_sample_loss at step 3500: 0.205278
2020-02-11 15:44:34 INFO     Training average loss at step 3500: 0.219485
2020-02-11 16:14:39 INFO     Training average positive_sample_loss at step 3600: 0.233632
2020-02-11 16:14:39 INFO     Training average negative_sample_loss at step 3600: 0.206631
2020-02-11 16:14:39 INFO     Training average loss at step 3600: 0.220132
2020-02-11 16:45:27 INFO     Training average positive_sample_loss at step 3700: 0.233311
2020-02-11 16:45:27 INFO     Training average negative_sample_loss at step 3700: 0.206663
2020-02-11 16:45:27 INFO     Training average loss at step 3700: 0.219987
2020-02-11 17:20:04 INFO     Training average positive_sample_loss at step 3800: 0.222797
2020-02-11 17:20:04 INFO     Training average negative_sample_loss at step 3800: 0.197166
2020-02-11 17:20:04 INFO     Training average loss at step 3800: 0.209982
2020-02-11 17:52:24 INFO     Training average positive_sample_loss at step 3900: 0.223371
2020-02-11 17:52:24 INFO     Training average negative_sample_loss at step 3900: 0.198341
2020-02-11 17:52:24 INFO     Training average loss at step 3900: 0.210856
2020-02-11 18:25:19 INFO     Training average positive_sample_loss at step 4000: 0.225977
2020-02-11 18:25:19 INFO     Training average negative_sample_loss at step 4000: 0.200858
2020-02-11 18:25:19 INFO     Training average loss at step 4000: 0.213418
2020-02-11 18:56:35 INFO     Training average positive_sample_loss at step 4100: 0.226260
2020-02-11 18:56:35 INFO     Training average negative_sample_loss at step 4100: 0.203104
2020-02-11 18:56:35 INFO     Training average loss at step 4100: 0.214682
2020-02-11 19:26:51 INFO     Training average positive_sample_loss at step 4200: 0.227072
2020-02-11 19:26:51 INFO     Training average negative_sample_loss at step 4200: 0.203619
2020-02-11 19:26:51 INFO     Training average loss at step 4200: 0.215346
2020-02-11 19:56:57 INFO     Training average positive_sample_loss at step 4300: 0.220327
2020-02-11 19:56:57 INFO     Training average negative_sample_loss at step 4300: 0.198303
2020-02-11 19:56:57 INFO     Training average loss at step 4300: 0.209315
2020-02-11 20:30:10 INFO     Training average positive_sample_loss at step 4400: 0.216755
2020-02-11 20:30:10 INFO     Training average negative_sample_loss at step 4400: 0.194221
2020-02-11 20:30:10 INFO     Training average loss at step 4400: 0.205488
2020-02-11 21:03:57 INFO     Training average positive_sample_loss at step 4500: 0.219413
2020-02-11 21:03:57 INFO     Training average negative_sample_loss at step 4500: 0.197283
2020-02-11 21:03:57 INFO     Training average loss at step 4500: 0.208348
2020-02-11 21:38:13 INFO     Training average positive_sample_loss at step 4600: 0.220819
2020-02-11 21:38:13 INFO     Training average negative_sample_loss at step 4600: 0.198707
2020-02-11 21:38:13 INFO     Training average loss at step 4600: 0.209763
2020-02-11 22:11:28 INFO     Training average positive_sample_loss at step 4700: 0.221150
2020-02-11 22:11:28 INFO     Training average negative_sample_loss at step 4700: 0.200368
2020-02-11 22:11:28 INFO     Training average loss at step 4700: 0.210759
2020-02-11 22:45:20 INFO     Training average positive_sample_loss at step 4800: 0.219616
2020-02-11 22:45:20 INFO     Training average negative_sample_loss at step 4800: 0.200257
2020-02-11 22:45:20 INFO     Training average loss at step 4800: 0.209936
2020-02-11 23:21:06 INFO     Training average positive_sample_loss at step 4900: 0.212799
2020-02-11 23:21:06 INFO     Training average negative_sample_loss at step 4900: 0.190904
2020-02-11 23:21:06 INFO     Training average loss at step 4900: 0.201852
2020-02-11 23:55:47 INFO     Training average positive_sample_loss at step 5000: 0.214581
2020-02-11 23:55:47 INFO     Training average negative_sample_loss at step 5000: 0.193735
2020-02-11 23:55:47 INFO     Training average loss at step 5000: 0.204158
2020-02-12 00:30:19 INFO     Training average positive_sample_loss at step 5100: 0.216183
2020-02-12 00:30:19 INFO     Training average negative_sample_loss at step 5100: 0.195937
2020-02-12 00:30:19 INFO     Training average loss at step 5100: 0.206060
2020-02-12 09:13:18 INFO     Training average positive_sample_loss at step 5200: 0.217343
2020-02-12 09:13:18 INFO     Training average negative_sample_loss at step 5200: 0.197661
2020-02-12 09:13:18 INFO     Training average loss at step 5200: 0.207502
2020-02-12 09:46:50 INFO     Training average positive_sample_loss at step 5300: 0.217763
2020-02-12 09:46:50 INFO     Training average negative_sample_loss at step 5300: 0.198405
2020-02-12 09:46:50 INFO     Training average loss at step 5300: 0.208084
2020-02-12 10:31:11 INFO     Training average positive_sample_loss at step 5400: 0.209473
2020-02-12 10:31:11 INFO     Training average negative_sample_loss at step 5400: 0.190477
2020-02-12 10:31:11 INFO     Training average loss at step 5400: 0.199975
2020-02-12 11:06:31 INFO     Training average positive_sample_loss at step 5500: 0.210926
2020-02-12 11:06:31 INFO     Training average negative_sample_loss at step 5500: 0.191382
2020-02-12 11:06:31 INFO     Training average loss at step 5500: 0.201154
2020-02-12 11:39:20 INFO     Training average positive_sample_loss at step 5600: 0.212764
2020-02-12 11:39:20 INFO     Training average negative_sample_loss at step 5600: 0.193819
2020-02-12 11:39:20 INFO     Training average loss at step 5600: 0.203292
2020-02-12 13:50:21 INFO     Training average positive_sample_loss at step 5700: 0.214128
2020-02-12 13:50:21 INFO     Training average negative_sample_loss at step 5700: 0.195847
2020-02-12 13:50:21 INFO     Training average loss at step 5700: 0.204988
2020-02-12 14:23:00 INFO     Training average positive_sample_loss at step 5800: 0.214328
2020-02-12 14:23:00 INFO     Training average negative_sample_loss at step 5800: 0.196275
2020-02-12 14:23:00 INFO     Training average loss at step 5800: 0.205302
2020-02-12 14:54:50 INFO     Training average positive_sample_loss at step 5900: 0.209118
2020-02-12 14:54:50 INFO     Training average negative_sample_loss at step 5900: 0.190977
2020-02-12 14:54:50 INFO     Training average loss at step 5900: 0.200047
2020-02-12 15:27:43 INFO     Training average positive_sample_loss at step 6000: 0.208022
2020-02-12 15:27:43 INFO     Training average negative_sample_loss at step 6000: 0.188898
2020-02-12 15:27:43 INFO     Training average loss at step 6000: 0.198460
2020-02-12 16:00:21 INFO     Training average positive_sample_loss at step 6100: 0.209865
2020-02-12 16:00:21 INFO     Training average negative_sample_loss at step 6100: 0.191281
2020-02-12 16:00:21 INFO     Training average loss at step 6100: 0.200573
2020-02-12 16:33:21 INFO     Training average positive_sample_loss at step 6200: 0.210663
2020-02-12 16:33:21 INFO     Training average negative_sample_loss at step 6200: 0.192524
2020-02-12 16:33:21 INFO     Training average loss at step 6200: 0.201594
2020-02-12 17:22:11 INFO     Training average positive_sample_loss at step 6300: 0.211789
2020-02-12 17:22:11 INFO     Training average negative_sample_loss at step 6300: 0.194437
2020-02-12 17:22:11 INFO     Training average loss at step 6300: 0.203113
2020-02-12 17:57:31 INFO     Training average positive_sample_loss at step 6400: 0.209560
2020-02-12 17:57:31 INFO     Training average negative_sample_loss at step 6400: 0.192796
2020-02-12 17:57:31 INFO     Training average loss at step 6400: 0.201178
2020-02-12 18:30:19 INFO     Training average positive_sample_loss at step 6500: 0.204225
2020-02-12 18:30:19 INFO     Training average negative_sample_loss at step 6500: 0.186104
2020-02-12 18:30:19 INFO     Training average loss at step 6500: 0.195165
2020-02-12 21:50:26 INFO     Training average positive_sample_loss at step 6600: 0.206461
2020-02-12 21:50:27 INFO     Training average negative_sample_loss at step 6600: 0.188780
2020-02-12 21:50:27 INFO     Training average loss at step 6600: 0.197620
2020-02-12 22:23:24 INFO     Training average positive_sample_loss at step 6700: 0.209060
2020-02-12 22:23:24 INFO     Training average negative_sample_loss at step 6700: 0.191796
2020-02-12 22:23:24 INFO     Training average loss at step 6700: 0.200428
2020-02-12 22:57:22 INFO     Training average positive_sample_loss at step 6800: 0.209344
2020-02-12 22:57:22 INFO     Training average negative_sample_loss at step 6800: 0.192254
2020-02-12 22:57:22 INFO     Training average loss at step 6800: 0.200799
2020-02-12 23:31:15 INFO     Training average positive_sample_loss at step 6900: 0.210457
2020-02-12 23:31:15 INFO     Training average negative_sample_loss at step 6900: 0.193898
2020-02-12 23:31:15 INFO     Training average loss at step 6900: 0.202178
2020-02-13 00:04:30 INFO     Training average positive_sample_loss at step 7000: 0.202708
2020-02-13 00:04:30 INFO     Training average negative_sample_loss at step 7000: 0.185784
2020-02-13 00:04:30 INFO     Training average loss at step 7000: 0.194246
2020-02-13 00:37:45 INFO     Training average positive_sample_loss at step 7100: 0.204217
2020-02-13 00:37:45 INFO     Training average negative_sample_loss at step 7100: 0.187097
2020-02-13 00:37:45 INFO     Training average loss at step 7100: 0.195657
2020-02-13 01:10:16 INFO     Training average positive_sample_loss at step 7200: 0.207400
2020-02-13 01:10:16 INFO     Training average negative_sample_loss at step 7200: 0.190738
2020-02-13 01:10:16 INFO     Training average loss at step 7200: 0.199069
2020-02-13 01:40:21 INFO     Training average positive_sample_loss at step 7300: 0.207668
2020-02-13 01:40:21 INFO     Training average negative_sample_loss at step 7300: 0.191257
2020-02-13 01:40:21 INFO     Training average loss at step 7300: 0.199463
2020-02-13 02:10:22 INFO     Training average positive_sample_loss at step 7400: 0.207591
2020-02-13 02:10:22 INFO     Training average negative_sample_loss at step 7400: 0.191352
2020-02-13 02:10:22 INFO     Training average loss at step 7400: 0.199471
2020-02-13 02:40:22 INFO     Training average positive_sample_loss at step 7500: 0.203165
2020-02-13 02:40:22 INFO     Training average negative_sample_loss at step 7500: 0.186787
2020-02-13 02:40:22 INFO     Training average loss at step 7500: 0.194976
2020-02-13 03:10:22 INFO     Training average positive_sample_loss at step 7600: 0.201721
2020-02-13 03:10:22 INFO     Training average negative_sample_loss at step 7600: 0.184962
2020-02-13 03:10:22 INFO     Training average loss at step 7600: 0.193342
2020-02-13 03:40:25 INFO     Training average positive_sample_loss at step 7700: 0.204851
2020-02-13 03:40:25 INFO     Training average negative_sample_loss at step 7700: 0.188759
2020-02-13 03:40:25 INFO     Training average loss at step 7700: 0.196805
2020-02-13 04:10:27 INFO     Training average positive_sample_loss at step 7800: 0.205293
2020-02-13 04:10:27 INFO     Training average negative_sample_loss at step 7800: 0.189068
2020-02-13 04:10:27 INFO     Training average loss at step 7800: 0.197180
2020-02-13 04:40:34 INFO     Training average positive_sample_loss at step 7900: 0.206695
2020-02-13 04:40:34 INFO     Training average negative_sample_loss at step 7900: 0.190815
2020-02-13 04:40:34 INFO     Training average loss at step 7900: 0.198755
2020-02-13 05:10:32 INFO     Training average positive_sample_loss at step 8000: 0.203963
2020-02-13 05:10:32 INFO     Training average negative_sample_loss at step 8000: 0.188258
2020-02-13 05:10:32 INFO     Training average loss at step 8000: 0.196110
2020-02-13 05:40:35 INFO     Training average positive_sample_loss at step 8100: 0.199297
2020-02-13 05:40:35 INFO     Training average negative_sample_loss at step 8100: 0.182921
2020-02-13 05:40:35 INFO     Training average loss at step 8100: 0.191109
2020-02-13 06:10:34 INFO     Training average positive_sample_loss at step 8200: 0.202320
2020-02-13 06:10:34 INFO     Training average negative_sample_loss at step 8200: 0.186138
2020-02-13 06:10:34 INFO     Training average loss at step 8200: 0.194229
2020-02-13 06:40:34 INFO     Training average positive_sample_loss at step 8300: 0.203860
2020-02-13 06:40:34 INFO     Training average negative_sample_loss at step 8300: 0.188056
2020-02-13 06:40:34 INFO     Training average loss at step 8300: 0.195958
2020-02-13 07:10:36 INFO     Training average positive_sample_loss at step 8400: 0.204948
2020-02-13 07:10:36 INFO     Training average negative_sample_loss at step 8400: 0.189301
2020-02-13 07:10:36 INFO     Training average loss at step 8400: 0.197125
2020-02-13 07:40:42 INFO     Training average positive_sample_loss at step 8500: 0.205122
2020-02-13 07:40:42 INFO     Training average negative_sample_loss at step 8500: 0.190519
2020-02-13 07:40:42 INFO     Training average loss at step 8500: 0.197820
2020-02-13 08:10:38 INFO     Training average positive_sample_loss at step 8600: 0.198135
2020-02-13 08:10:38 INFO     Training average negative_sample_loss at step 8600: 0.182386
2020-02-13 08:10:38 INFO     Training average loss at step 8600: 0.190260
2020-02-13 08:40:39 INFO     Training average positive_sample_loss at step 8700: 0.200505
2020-02-13 08:40:39 INFO     Training average negative_sample_loss at step 8700: 0.185258
2020-02-13 08:40:39 INFO     Training average loss at step 8700: 0.192882
2020-02-13 09:10:49 INFO     Training average positive_sample_loss at step 8800: 0.202229
2020-02-13 09:10:49 INFO     Training average negative_sample_loss at step 8800: 0.186694
2020-02-13 09:10:49 INFO     Training average loss at step 8800: 0.194462
2020-02-13 09:42:52 INFO     Training average positive_sample_loss at step 8900: 0.203118
2020-02-13 09:42:52 INFO     Training average negative_sample_loss at step 8900: 0.187929
2020-02-13 09:42:52 INFO     Training average loss at step 8900: 0.195524
2020-02-13 10:15:59 INFO     Training average positive_sample_loss at step 9000: 0.203880
2020-02-13 10:15:59 INFO     Training average negative_sample_loss at step 9000: 0.189030
2020-02-13 10:15:59 INFO     Training average loss at step 9000: 0.196455
2020-02-13 10:51:57 INFO     Training average positive_sample_loss at step 9100: 0.199167
2020-02-13 10:51:57 INFO     Training average negative_sample_loss at step 9100: 0.184036
2020-02-13 10:51:57 INFO     Training average loss at step 9100: 0.191601
2020-02-13 11:28:18 INFO     Training average positive_sample_loss at step 9200: 0.199012
2020-02-13 11:28:18 INFO     Training average negative_sample_loss at step 9200: 0.183134
2020-02-13 11:28:18 INFO     Training average loss at step 9200: 0.191073
2020-02-13 12:09:33 INFO     Training average positive_sample_loss at step 9300: 0.200830
2020-02-13 12:09:33 INFO     Training average negative_sample_loss at step 9300: 0.185493
2020-02-13 12:09:33 INFO     Training average loss at step 9300: 0.193162
2020-02-13 12:44:26 INFO     Training average positive_sample_loss at step 9400: 0.201445
2020-02-13 12:44:26 INFO     Training average negative_sample_loss at step 9400: 0.186412
2020-02-13 12:44:26 INFO     Training average loss at step 9400: 0.193929
2020-02-13 13:25:23 INFO     Training average positive_sample_loss at step 9500: 0.202724
2020-02-13 13:25:23 INFO     Training average negative_sample_loss at step 9500: 0.188513
2020-02-13 13:25:23 INFO     Training average loss at step 9500: 0.195619
2020-02-13 14:00:51 INFO     Training average positive_sample_loss at step 9600: 0.200197
2020-02-13 14:00:51 INFO     Training average negative_sample_loss at step 9600: 0.185281
2020-02-13 14:00:51 INFO     Training average loss at step 9600: 0.192739
2020-02-13 14:34:50 INFO     Training average positive_sample_loss at step 9700: 0.195990
2020-02-13 14:34:50 INFO     Training average negative_sample_loss at step 9700: 0.180135
2020-02-13 14:34:50 INFO     Training average loss at step 9700: 0.188062
2020-02-13 15:11:19 INFO     Training average positive_sample_loss at step 9800: 0.199040
2020-02-13 15:11:19 INFO     Training average negative_sample_loss at step 9800: 0.184323
2020-02-13 15:11:19 INFO     Training average loss at step 9800: 0.191681
2020-02-13 15:46:38 INFO     Training average positive_sample_loss at step 9900: 0.200070
2020-02-13 15:46:38 INFO     Training average negative_sample_loss at step 9900: 0.185222
2020-02-13 15:46:38 INFO     Training average loss at step 9900: 0.192646
2020-02-13 16:23:24 INFO     Training average positive_sample_loss at step 10000: 0.201951
2020-02-13 16:23:24 INFO     Training average negative_sample_loss at step 10000: 0.187671
2020-02-13 16:23:24 INFO     Training average loss at step 10000: 0.194811
2020-02-13 16:23:24 INFO     Evaluating on Valid Dataset...
2020-02-13 16:23:35 INFO     Evaluating the model... (0/2192)
2020-02-13 18:45:51 INFO     Evaluating the model... (1000/2192)
2020-02-13 21:01:15 INFO     Evaluating the model... (2000/2192)
2020-02-13 21:26:49 INFO     Valid MRR at step 10000: 0.326909
2020-02-13 21:26:49 INFO     Valid MR at step 10000: 171.245167
2020-02-13 21:26:49 INFO     Valid HITS@1 at step 10000: 0.230853
2020-02-13 21:26:49 INFO     Valid HITS@3 at step 10000: 0.363815
2020-02-13 21:26:49 INFO     Valid HITS@10 at step 10000: 0.521044
2020-02-13 22:01:02 INFO     Training average positive_sample_loss at step 10100: 0.202076
2020-02-13 22:01:02 INFO     Training average negative_sample_loss at step 10100: 0.188700
2020-02-13 22:01:02 INFO     Training average loss at step 10100: 0.195388
